[      88ms] [WARNING] WebSocket connection to 'ws://localhost:9173/ws/runs/8c4491b7-84e1-422c-8b83-1041195f738d' failed: WebSocket is closed before the connection is established. @ http://localhost:9173/src/hooks/useWebSocket.ts:117
[      98ms] [ERROR] Failed to load resource: the server responded with a status of 404 (Not Found) @ http://localhost:9173/api/runs/8c4491b7-84e1-422c-8b83-1041195f738d/pending-actions:0
[      99ms] [ERROR] Failed to load resource: the server responded with a status of 404 (Not Found) @ http://localhost:9173/api/runs/8c4491b7-84e1-422c-8b83-1041195f738d:0
[      99ms] [ERROR] Failed to load resource: the server responded with a status of 404 (Not Found) @ http://localhost:9173/api/runs/8c4491b7-84e1-422c-8b83-1041195f738d/branch-status:0
[      99ms] [ERROR] Failed to load resource: the server responded with a status of 404 (Not Found) @ http://localhost:9173/api/runs/8c4491b7-84e1-422c-8b83-1041195f738d/activity:0
[    1124ms] [ERROR] Failed to load resource: the server responded with a status of 404 (Not Found) @ http://localhost:9173/api/runs/8c4491b7-84e1-422c-8b83-1041195f738d/pending-actions:0
[    1125ms] [ERROR] Failed to load resource: the server responded with a status of 404 (Not Found) @ http://localhost:9173/api/runs/8c4491b7-84e1-422c-8b83-1041195f738d/branch-status:0
[    1125ms] [ERROR] Failed to load resource: the server responded with a status of 404 (Not Found) @ http://localhost:9173/api/runs/8c4491b7-84e1-422c-8b83-1041195f738d:0
[    1125ms] [ERROR] Failed to load resource: the server responded with a status of 404 (Not Found) @ http://localhost:9173/api/runs/8c4491b7-84e1-422c-8b83-1041195f738d/activity:0
[    3151ms] [ERROR] Failed to load resource: the server responded with a status of 404 (Not Found) @ http://localhost:9173/api/runs/8c4491b7-84e1-422c-8b83-1041195f738d/branch-status:0
[    3152ms] [ERROR] Failed to load resource: the server responded with a status of 404 (Not Found) @ http://localhost:9173/api/runs/8c4491b7-84e1-422c-8b83-1041195f738d/pending-actions:0
[    3152ms] [ERROR] Failed to load resource: the server responded with a status of 404 (Not Found) @ http://localhost:9173/api/runs/8c4491b7-84e1-422c-8b83-1041195f738d/activity:0
[    3152ms] [ERROR] Failed to load resource: the server responded with a status of 404 (Not Found) @ http://localhost:9173/api/runs/8c4491b7-84e1-422c-8b83-1041195f738d:0
[    7175ms] [ERROR] Failed to load resource: the server responded with a status of 404 (Not Found) @ http://localhost:9173/api/runs/8c4491b7-84e1-422c-8b83-1041195f738d/branch-status:0
[    7176ms] [ERROR] Failed to load resource: the server responded with a status of 404 (Not Found) @ http://localhost:9173/api/runs/8c4491b7-84e1-422c-8b83-1041195f738d/pending-actions:0
[    7176ms] [ERROR] Failed to load resource: the server responded with a status of 404 (Not Found) @ http://localhost:9173/api/runs/8c4491b7-84e1-422c-8b83-1041195f738d:0
[    7176ms] [ERROR] Failed to load resource: the server responded with a status of 404 (Not Found) @ http://localhost:9173/api/runs/8c4491b7-84e1-422c-8b83-1041195f738d/activity:0
[   17199ms] [ERROR] Failed to load resource: the server responded with a status of 404 (Not Found) @ http://localhost:9173/api/runs/8c4491b7-84e1-422c-8b83-1041195f738d/pending-actions:0
[   17200ms] [ERROR] Failed to load resource: the server responded with a status of 404 (Not Found) @ http://localhost:9173/api/runs/8c4491b7-84e1-422c-8b83-1041195f738d:0
[   17200ms] [ERROR] Failed to load resource: the server responded with a status of 404 (Not Found) @ http://localhost:9173/api/runs/8c4491b7-84e1-422c-8b83-1041195f738d/activity:0
[   18220ms] [ERROR] Failed to load resource: the server responded with a status of 404 (Not Found) @ http://localhost:9173/api/runs/8c4491b7-84e1-422c-8b83-1041195f738d/pending-actions:0
[   18221ms] [ERROR] Failed to load resource: the server responded with a status of 404 (Not Found) @ http://localhost:9173/api/runs/8c4491b7-84e1-422c-8b83-1041195f738d:0
[   18221ms] [ERROR] Failed to load resource: the server responded with a status of 404 (Not Found) @ http://localhost:9173/api/runs/8c4491b7-84e1-422c-8b83-1041195f738d/activity:0
[   20238ms] [ERROR] Failed to load resource: the server responded with a status of 404 (Not Found) @ http://localhost:9173/api/runs/8c4491b7-84e1-422c-8b83-1041195f738d:0
[   20238ms] [ERROR] Failed to load resource: the server responded with a status of 404 (Not Found) @ http://localhost:9173/api/runs/8c4491b7-84e1-422c-8b83-1041195f738d/activity:0
[   20239ms] [ERROR] Failed to load resource: the server responded with a status of 404 (Not Found) @ http://localhost:9173/api/runs/8c4491b7-84e1-422c-8b83-1041195f738d/pending-actions:0
[   24260ms] [ERROR] Failed to load resource: the server responded with a status of 404 (Not Found) @ http://localhost:9173/api/runs/8c4491b7-84e1-422c-8b83-1041195f738d:0
[   24260ms] [ERROR] Failed to load resource: the server responded with a status of 404 (Not Found) @ http://localhost:9173/api/runs/8c4491b7-84e1-422c-8b83-1041195f738d/activity:0
[   24260ms] [ERROR] Failed to load resource: the server responded with a status of 404 (Not Found) @ http://localhost:9173/api/runs/8c4491b7-84e1-422c-8b83-1041195f738d/pending-actions:0
[   34272ms] [ERROR] Failed to load resource: the server responded with a status of 404 (Not Found) @ http://localhost:9173/api/runs/8c4491b7-84e1-422c-8b83-1041195f738d:0
[   34273ms] [ERROR] Failed to load resource: the server responded with a status of 404 (Not Found) @ http://localhost:9173/api/runs/8c4491b7-84e1-422c-8b83-1041195f738d/pending-actions:0
[   34273ms] [ERROR] Failed to load resource: the server responded with a status of 404 (Not Found) @ http://localhost:9173/api/runs/8c4491b7-84e1-422c-8b83-1041195f738d/activity:0
[   35290ms] [ERROR] Failed to load resource: the server responded with a status of 404 (Not Found) @ http://localhost:9173/api/runs/8c4491b7-84e1-422c-8b83-1041195f738d:0
[   35290ms] [ERROR] Failed to load resource: the server responded with a status of 404 (Not Found) @ http://localhost:9173/api/runs/8c4491b7-84e1-422c-8b83-1041195f738d/activity:0
[   35290ms] [ERROR] Failed to load resource: the server responded with a status of 404 (Not Found) @ http://localhost:9173/api/runs/8c4491b7-84e1-422c-8b83-1041195f738d/pending-actions:0
[   37193ms] [ERROR] Failed to load resource: the server responded with a status of 404 (Not Found) @ http://localhost:9173/api/runs/8c4491b7-84e1-422c-8b83-1041195f738d/branch-status:0
[   37312ms] [ERROR] Failed to load resource: the server responded with a status of 404 (Not Found) @ http://localhost:9173/api/runs/8c4491b7-84e1-422c-8b83-1041195f738d:0
[   37312ms] [ERROR] Failed to load resource: the server responded with a status of 404 (Not Found) @ http://localhost:9173/api/runs/8c4491b7-84e1-422c-8b83-1041195f738d/activity:0
[   37313ms] [ERROR] Failed to load resource: the server responded with a status of 404 (Not Found) @ http://localhost:9173/api/runs/8c4491b7-84e1-422c-8b83-1041195f738d/pending-actions:0
[   38212ms] [ERROR] Failed to load resource: the server responded with a status of 404 (Not Found) @ http://localhost:9173/api/runs/8c4491b7-84e1-422c-8b83-1041195f738d/branch-status:0
[   40228ms] [ERROR] Failed to load resource: the server responded with a status of 404 (Not Found) @ http://localhost:9173/api/runs/8c4491b7-84e1-422c-8b83-1041195f738d/branch-status:0
[   41335ms] [ERROR] Failed to load resource: the server responded with a status of 404 (Not Found) @ http://localhost:9173/api/runs/8c4491b7-84e1-422c-8b83-1041195f738d:0
[   41335ms] [ERROR] Failed to load resource: the server responded with a status of 404 (Not Found) @ http://localhost:9173/api/runs/8c4491b7-84e1-422c-8b83-1041195f738d/activity:0
[   41335ms] [ERROR] Failed to load resource: the server responded with a status of 404 (Not Found) @ http://localhost:9173/api/runs/8c4491b7-84e1-422c-8b83-1041195f738d/pending-actions:0
[   44254ms] [ERROR] Failed to load resource: the server responded with a status of 404 (Not Found) @ http://localhost:9173/api/runs/8c4491b7-84e1-422c-8b83-1041195f738d/branch-status:0
[   51356ms] [ERROR] Failed to load resource: the server responded with a status of 404 (Not Found) @ http://localhost:9173/api/runs/8c4491b7-84e1-422c-8b83-1041195f738d:0
[   51357ms] [ERROR] Failed to load resource: the server responded with a status of 404 (Not Found) @ http://localhost:9173/api/runs/8c4491b7-84e1-422c-8b83-1041195f738d/activity:0
[   51357ms] [ERROR] Failed to load resource: the server responded with a status of 404 (Not Found) @ http://localhost:9173/api/runs/8c4491b7-84e1-422c-8b83-1041195f738d/pending-actions:0
[   52378ms] [ERROR] Failed to load resource: the server responded with a status of 404 (Not Found) @ http://localhost:9173/api/runs/8c4491b7-84e1-422c-8b83-1041195f738d:0
[   52378ms] [ERROR] Failed to load resource: the server responded with a status of 404 (Not Found) @ http://localhost:9173/api/runs/8c4491b7-84e1-422c-8b83-1041195f738d/activity:0
[   52378ms] [ERROR] Failed to load resource: the server responded with a status of 404 (Not Found) @ http://localhost:9173/api/runs/8c4491b7-84e1-422c-8b83-1041195f738d/pending-actions:0
